[2022-02-01 21:57:51] local.ERROR: SQLSTATE[23000]: Integrity constraint violation: 1048 Column 'episode_id' cannot be null (SQL: update `ledgers` set `episode_id` = ?, `ledger_name` = Ronit Dhar, `billing_name` = Ronit Dhar, `father_name` = ddd, `mother_name` = fgfgfdsf, `guardian_name` = ddd, `relation_to_guardian` = ?, `dob` = 2002-02-14, `address` = dfgdfsgg, `city` = dfgfdg, `district` = fff, `pin` = 700132, `email_id` = bait@gmail.com, `qualification` = V, `ledgers`.`updated_at` = 2022-02-01 21:57:50 where `id` = 24) {"userId":1,"exception":"[object] (Illuminate\\Database\\QueryException(code: 23000): SQLSTATE[23000]: Integrity constraint violation: 1048 Column 'episode_id' cannot be null (SQL: update `ledgers` set `episode_id` = ?, `ledger_name` = Ronit Dhar, `billing_name` = Ronit Dhar, `father_name` = ddd, `mother_name` = fgfgfdsf, `guardian_name` = ddd, `relation_to_guardian` = ?, `dob` = 2002-02-14, `address` = dfgdfsgg, `city` = dfgfdg, `district` = fff, `pin` = 700132, `email_id` = bait@gmail.com, `qualification` = V, `ledgers`.`updated_at` = 2022-02-01 21:57:50 where `id` = 24) at E:\\Bitnami\\wampstack-8.1.1-0\\apache2\\htdocs\\institution_2022\\institution_api\\vendor\\laravel\\framework\\src\\Illuminate\\Database\\Connection.php:705)
[stacktrace]
#0 E:\\Bitnami\\wampstack-8.1.1-0\\apache2\\htdocs\\institution_2022\\institution_api\\vendor\\laravel\\framework\\src\\Illuminate\\Database\\Connection.php(665): Illuminate\\Database\\Connection->runQueryCallback()
#1 E:\\Bitnami\\wampstack-8.1.1-0\\apache2\\htdocs\\institution_2022\\institution_api\\vendor\\laravel\\framework\\src\\Illuminate\\Database\\Connection.php(526): Illuminate\\Database\\Connection->run()
#2 E:\\Bitnami\\wampstack-8.1.1-0\\apache2\\htdocs\\institution_2022\\institution_api\\vendor\\laravel\\framework\\src\\Illuminate\\Database\\Connection.php(459): Illuminate\\Database\\Connection->affectingStatement()
#3 E:\\Bitnami\\wampstack-8.1.1-0\\apache2\\htdocs\\institution_2022\\institution_api\\vendor\\laravel\\framework\\src\\Illuminate\\Database\\Query\\Builder.php(3001): Illuminate\\Database\\Connection->update()
#4 E:\\Bitnami\\wampstack-8.1.1-0\\apache2\\htdocs\\institution_2022\\institution_api\\vendor\\laravel\\framework\\src\\Illuminate\\Database\\Eloquent\\Builder.php(919): Illuminate\\Database\\Query\\Builder->update()
#5 E:\\Bitnami\\wampstack-8.1.1-0\\apache2\\htdocs\\institution_2022\\institution_api\\vendor\\laravel\\framework\\src\\Illuminate\\Database\\Eloquent\\Model.php(1072): Illuminate\\Database\\Eloquent\\Builder->update()
#6 E:\\Bitnami\\wampstack-8.1.1-0\\apache2\\htdocs\\institution_2022\\institution_api\\vendor\\laravel\\framework\\src\\Illuminate\\Database\\Eloquent\\Model.php(987): Illuminate\\Database\\Eloquent\\Model->performUpdate()
#7 E:\\Bitnami\\wampstack-8.1.1-0\\apache2\\htdocs\\institution_2022\\institution_api\\app\\Http\\Controllers\\StudentController.php(249): Illuminate\\Database\\Eloquent\\Model->save()
#8 E:\\Bitnami\\wampstack-8.1.1-0\\apache2\\htdocs\\institution_2022\\institution_api\\vendor\\laravel\\framework\\src\\Illuminate\\Routing\\Controller.php(54): App\\Http\\Controllers\\StudentController->update()
#9 E:\\Bitnami\\wampstack-8.1.1-0\\apache2\\htdocs\\institution_2022\\institution_api\\vendor\\laravel\\framework\\src\\Illuminate\\Routing\\ControllerDispatcher.php(45): Illuminate\\Routing\\Controller->callAction()
#10 E:\\Bitnami\\wampstack-8.1.1-0\\apache2\\htdocs\\institution_2022\\institution_api\\vendor\\laravel\\framework\\src\\Illuminate\\Routing\\Route.php(262): Illuminate\\Routing\\ControllerDispatcher->dispatch()
#11 E:\\Bitnami\\wampstack-8.1.1-0\\apache2\\htdocs\\institution_2022\\institution_api\\vendor\\laravel\\framework\\src\\Illuminate\\Routing\\Route.php(205): Illuminate\\Routing\\Route->runController()
#12 E:\\Bitnami\\wampstack-8.1.1-0\\apache2\\htdocs\\institution_2022\\institution_api\\vendor\\laravel\\framework\\src\\Illuminate\\Routing\\Router.php(695): Illuminate\\Routing\\Route->run()
#13 E:\\Bitnami\\wampstack-8.1.1-0\\apache2\\htdocs\\institution_2022\\institution_api\\vendor\\laravel\\framework\\src\\Illuminate\\Pipeline\\Pipeline.php(128): Illuminate\\Routing\\Router->Illuminate\\Routing\\{closure}()
#14 E:\\Bitnami\\wampstack-8.1.1-0\\apache2\\htdocs\\institution_2022\\institution_api\\vendor\\laravel\\framework\\src\\Illuminate\\Routing\\Middleware\\SubstituteBindings.php(50): Illuminate\\Pipeline\\Pipeline->Illuminate\\Pipeline\\{closure}()
#15 E:\\Bitnami\\wampstack-8.1.1-0\\apache2\\htdocs\\institution_2022\\institution_api\\vendor\\laravel\\framework\\src\\Illuminate\\Pipeline\\Pipeline.php(167): Illuminate\\Routing\\Middleware\\SubstituteBindings->handle()
#16 E:\\Bitnami\\wampstack-8.1.1-0\\apache2\\htdocs\\institution_2022\\institution_api\\vendor\\laravel\\framework\\src\\Illuminate\\Routing\\Middleware\\ThrottleRequests.php(127): Illuminate\\Pipeline\\Pipeline->Illuminate\\Pipeline\\{closure}()
#17 E:\\Bitnami\\wampstack-8.1.1-0\\apache2\\htdocs\\institution_2022\\institution_api\\vendor\\laravel\\framework\\src\\Illuminate\\Routing\\Middleware\\ThrottleRequests.php(103): Illuminate\\Routing\\Middleware\\ThrottleRequests->handleRequest()
#18 E:\\Bitnami\\wampstack-8.1.1-0\\apache2\\htdocs\\institution_2022\\institution_api\\vendor\\laravel\\framework\\src\\Illuminate\\Routing\\Middleware\\ThrottleRequests.php(55): Illuminate\\Routing\\Middleware\\ThrottleRequests->handleRequestUsingNamedLimiter()
#19 E:\\Bitnami\\wampstack-8.1.1-0\\apache2\\htdocs\\institution_2022\\institution_api\\vendor\\laravel\\framework\\src\\Illuminate\\Pipeline\\Pipeline.php(167): Illuminate\\Routing\\Middleware\\ThrottleRequests->handle()
#20 E:\\Bitnami\\wampstack-8.1.1-0\\apache2\\htdocs\\institution_2022\\institution_api\\vendor\\laravel\\framework\\src\\Illuminate\\Auth\\Middleware\\Authenticate.php(44): Illuminate\\Pipeline\\Pipeline->Illuminate\\Pipeline\\{closure}()
#21 E:\\Bitnami\\wampstack-8.1.1-0\\apache2\\htdocs\\institution_2022\\institution_api\\vendor\\laravel\\framework\\src\\Illuminate\\Pipeline\\Pipeline.php(167): Illuminate\\Auth\\Middleware\\Authenticate->handle()
#22 E:\\Bitnami\\wampstack-8.1.1-0\\apache2\\htdocs\\institution_2022\\institution_api\\vendor\\laravel\\sanctum\\src\\Http\\Middleware\\EnsureFrontendRequestsAreStateful.php(33): Illuminate\\Pipeline\\Pipeline->Illuminate\\Pipeline\\{closure}()
#23 E:\\Bitnami\\wampstack-8.1.1-0\\apache2\\htdocs\\institution_2022\\institution_api\\vendor\\laravel\\framework\\src\\Illuminate\\Pipeline\\Pipeline.php(128): Laravel\\Sanctum\\Http\\Middleware\\EnsureFrontendRequestsAreStateful->Laravel\\Sanctum\\Http\\Middleware\\{closure}()
#24 E:\\Bitnami\\wampstack-8.1.1-0\\apache2\\htdocs\\institution_2022\\institution_api\\vendor\\laravel\\framework\\src\\Illuminate\\Pipeline\\Pipeline.php(103): Illuminate\\Pipeline\\Pipeline->Illuminate\\Pipeline\\{closure}()
#25 E:\\Bitnami\\wampstack-8.1.1-0\\apache2\\htdocs\\institution_2022\\institution_api\\vendor\\laravel\\sanctum\\src\\Http\\Middleware\\EnsureFrontendRequestsAreStateful.php(34): Illuminate\\Pipeline\\Pipeline->then()
#26 E:\\Bitnami\\wampstack-8.1.1-0\\apache2\\htdocs\\institution_2022\\institution_api\\vendor\\laravel\\framework\\src\\Illuminate\\Pipeline\\Pipeline.php(167): Laravel\\Sanctum\\Http\\Middleware\\EnsureFrontendRequestsAreStateful->handle()
#27 E:\\Bitnami\\wampstack-8.1.1-0\\apache2\\htdocs\\institution_2022\\institution_api\\vendor\\laravel\\framework\\src\\Illuminate\\Pipeline\\Pipeline.php(103): Illuminate\\Pipeline\\Pipeline->Illuminate\\Pipeline\\{closure}()
#28 E:\\Bitnami\\wampstack-8.1.1-0\\apache2\\htdocs\\institution_2022\\institution_api\\vendor\\laravel\\framework\\src\\Illuminate\\Routing\\Router.php(697): Illuminate\\Pipeline\\Pipeline->then()
#29 E:\\Bitnami\\wampstack-8.1.1-0\\apache2\\htdocs\\institution_2022\\institution_api\\vendor\\laravel\\framework\\src\\Illuminate\\Routing\\Router.php(672): Illuminate\\Routing\\Router->runRouteWithinStack()
#30 E:\\Bitnami\\wampstack-8.1.1-0\\apache2\\htdocs\\institution_2022\\institution_api\\vendor\\laravel\\framework\\src\\Illuminate\\Routing\\Router.php(636): Illuminate\\Routing\\Router->runRoute()
#31 E:\\Bitnami\\wampstack-8.1.1-0\\apache2\\htdocs\\institution_2022\\institution_api\\vendor\\laravel\\framework\\src\\Illuminate\\Routing\\Router.php(625): Illuminate\\Routing\\Router->dispatchToRoute()
#32 E:\\Bitnami\\wampstack-8.1.1-0\\apache2\\htdocs\\institution_2022\\institution_api\\vendor\\laravel\\framework\\src\\Illuminate\\Foundation\\Http\\Kernel.php(167): Illuminate\\Routing\\Router->dispatch()
#33 E:\\Bitnami\\wampstack-8.1.1-0\\apache2\\htdocs\\institution_2022\\institution_api\\vendor\\laravel\\framework\\src\\Illuminate\\Pipeline\\Pipeline.php(128): Illuminate\\Foundation\\Http\\Kernel->Illuminate\\Foundation\\Http\\{closure}()
#34 E:\\Bitnami\\wampstack-8.1.1-0\\apache2\\htdocs\\institution_2022\\institution_api\\vendor\\laravel\\framework\\src\\Illuminate\\Foundation\\Http\\Middleware\\TransformsRequest.php(21): Illuminate\\Pipeline\\Pipeline->Illuminate\\Pipeline\\{closure}()
#35 E:\\Bitnami\\wampstack-8.1.1-0\\apache2\\htdocs\\institution_2022\\institution_api\\vendor\\laravel\\framework\\src\\Illuminate\\Foundation\\Http\\Middleware\\ConvertEmptyStringsToNull.php(31): Illuminate\\Foundation\\Http\\Middleware\\TransformsRequest->handle()
#36 E:\\Bitnami\\wampstack-8.1.1-0\\apache2\\htdocs\\institution_2022\\institution_api\\vendor\\laravel\\framework\\src\\Illuminate\\Pipeline\\Pipeline.php(167): Illuminate\\Foundation\\Http\\Middleware\\ConvertEmptyStringsToNull->handle()
#37 E:\\Bitnami\\wampstack-8.1.1-0\\apache2\\htdocs\\institution_2022\\institution_api\\vendor\\laravel\\framework\\src\\Illuminate\\Foundation\\Http\\Middleware\\TransformsRequest.php(21): Illuminate\\Pipeline\\Pipeline->Illuminate\\Pipeline\\{closure}()
#38 E:\\Bitnami\\wampstack-8.1.1-0\\apache2\\htdocs\\institution_2022\\institution_api\\vendor\\laravel\\framework\\src\\Illuminate\\Foundation\\Http\\Middleware\\TrimStrings.php(40): Illuminate\\Foundation\\Http\\Middleware\\TransformsRequest->handle()
#39 E:\\Bitnami\\wampstack-8.1.1-0\\apache2\\htdocs\\institution_2022\\institution_api\\vendor\\laravel\\framework\\src\\Illuminate\\Pipeline\\Pipeline.php(167): Illuminate\\Foundation\\Http\\Middleware\\TrimStrings->handle()
#40 E:\\Bitnami\\wampstack-8.1.1-0\\apache2\\htdocs\\institution_2022\\institution_api\\vendor\\laravel\\framework\\src\\Illuminate\\Foundation\\Http\\Middleware\\ValidatePostSize.php(27): Illuminate\\Pipeline\\Pipeline->Illuminate\\Pipeline\\{closure}()
#41 E:\\Bitnami\\wampstack-8.1.1-0\\apache2\\htdocs\\institution_2022\\institution_api\\vendor\\laravel\\framework\\src\\Illuminate\\Pipeline\\Pipeline.php(167): Illuminate\\Foundation\\Http\\Middleware\\ValidatePostSize->handle()
#42 E:\\Bitnami\\wampstack-8.1.1-0\\apache2\\htdocs\\institution_2022\\institution_api\\vendor\\laravel\\framework\\src\\Illuminate\\Foundation\\Http\\Middleware\\PreventRequestsDuringMaintenance.php(86): Illuminate\\Pipeline\\Pipeline->Illuminate\\Pipeline\\{closure}()
#43 E:\\Bitnami\\wampstack-8.1.1-0\\apache2\\htdocs\\institution_2022\\institution_api\\vendor\\laravel\\framework\\src\\Illuminate\\Pipeline\\Pipeline.php(167): Illuminate\\Foundation\\Http\\Middleware\\PreventRequestsDuringMaintenance->handle()
#44 E:\\Bitnami\\wampstack-8.1.1-0\\apache2\\htdocs\\institution_2022\\institution_api\\vendor\\fruitcake\\laravel-cors\\src\\HandleCors.php(52): Illuminate\\Pipeline\\Pipeline->Illuminate\\Pipeline\\{closure}()
#45 E:\\Bitnami\\wampstack-8.1.1-0\\apache2\\htdocs\\institution_2022\\institution_api\\vendor\\laravel\\framework\\src\\Illuminate\\Pipeline\\Pipeline.php(167): Fruitcake\\Cors\\HandleCors->handle()
#46 E:\\Bitnami\\wampstack-8.1.1-0\\apache2\\htdocs\\institution_2022\\institution_api\\vendor\\fruitcake\\laravel-cors\\src\\HandleCors.php(52): Illuminate\\Pipeline\\Pipeline->Illuminate\\Pipeline\\{closure}()
#47 E:\\Bitnami\\wampstack-8.1.1-0\\apache2\\htdocs\\institution_2022\\institution_api\\vendor\\laravel\\framework\\src\\Illuminate\\Pipeline\\Pipeline.php(167): Fruitcake\\Cors\\HandleCors->handle()
#48 E:\\Bitnami\\wampstack-8.1.1-0\\apache2\\htdocs\\institution_2022\\institution_api\\vendor\\fideloper\\proxy\\src\\TrustProxies.php(57): Illuminate\\Pipeline\\Pipeline->Illuminate\\Pipeline\\{closure}()
#49 E:\\Bitnami\\wampstack-8.1.1-0\\apache2\\htdocs\\institution_2022\\institution_api\\vendor\\laravel\\framework\\src\\Illuminate\\Pipeline\\Pipeline.php(167): Fideloper\\Proxy\\TrustProxies->handle()
#50 E:\\Bitnami\\wampstack-8.1.1-0\\apache2\\htdocs\\institution_2022\\institution_api\\vendor\\laravel\\framework\\src\\Illuminate\\Pipeline\\Pipeline.php(103): Illuminate\\Pipeline\\Pipeline->Illuminate\\Pipeline\\{closure}()
#51 E:\\Bitnami\\wampstack-8.1.1-0\\apache2\\htdocs\\institution_2022\\institution_api\\vendor\\laravel\\framework\\src\\Illuminate\\Foundation\\Http\\Kernel.php(142): Illuminate\\Pipeline\\Pipeline->then()
#52 E:\\Bitnami\\wampstack-8.1.1-0\\apache2\\htdocs\\institution_2022\\institution_api\\vendor\\laravel\\framework\\src\\Illuminate\\Foundation\\Http\\Kernel.php(111): Illuminate\\Foundation\\Http\\Kernel->sendRequestThroughRouter()
#53 E:\\Bitnami\\wampstack-8.1.1-0\\apache2\\htdocs\\institution_2022\\institution_api\\public\\index.php(52): Illuminate\\Foundation\\Http\\Kernel->handle()
#54 {main}

[previous exception] [object] (PDOException(code: 23000): SQLSTATE[23000]: Integrity constraint violation: 1048 Column 'episode_id' cannot be null at E:\\Bitnami\\wampstack-8.1.1-0\\apache2\\htdocs\\institution_2022\\institution_api\\vendor\\laravel\\framework\\src\\Illuminate\\Database\\Connection.php:519)
[stacktrace]
#0 E:\\Bitnami\\wampstack-8.1.1-0\\apache2\\htdocs\\institution_2022\\institution_api\\vendor\\laravel\\framework\\src\\Illuminate\\Database\\Connection.php(519): PDOStatement->execute()
#1 E:\\Bitnami\\wampstack-8.1.1-0\\apache2\\htdocs\\institution_2022\\institution_api\\vendor\\laravel\\framework\\src\\Illuminate\\Database\\Connection.php(698): Illuminate\\Database\\Connection->Illuminate\\Database\\{closure}()
#2 E:\\Bitnami\\wampstack-8.1.1-0\\apache2\\htdocs\\institution_2022\\institution_api\\vendor\\laravel\\framework\\src\\Illuminate\\Database\\Connection.php(665): Illuminate\\Database\\Connection->runQueryCallback()
#3 E:\\Bitnami\\wampstack-8.1.1-0\\apache2\\htdocs\\institution_2022\\institution_api\\vendor\\laravel\\framework\\src\\Illuminate\\Database\\Connection.php(526): Illuminate\\Database\\Connection->run()
#4 E:\\Bitnami\\wampstack-8.1.1-0\\apache2\\htdocs\\institution_2022\\institution_api\\vendor\\laravel\\framework\\src\\Illuminate\\Database\\Connection.php(459): Illuminate\\Database\\Connection->affectingStatement()
#5 E:\\Bitnami\\wampstack-8.1.1-0\\apache2\\htdocs\\institution_2022\\institution_api\\vendor\\laravel\\framework\\src\\Illuminate\\Database\\Query\\Builder.php(3001): Illuminate\\Database\\Connection->update()
#6 E:\\Bitnami\\wampstack-8.1.1-0\\apache2\\htdocs\\institution_2022\\institution_api\\vendor\\laravel\\framework\\src\\Illuminate\\Database\\Eloquent\\Builder.php(919): Illuminate\\Database\\Query\\Builder->update()
#7 E:\\Bitnami\\wampstack-8.1.1-0\\apache2\\htdocs\\institution_2022\\institution_api\\vendor\\laravel\\framework\\src\\Illuminate\\Database\\Eloquent\\Model.php(1072): Illuminate\\Database\\Eloquent\\Builder->update()
#8 E:\\Bitnami\\wampstack-8.1.1-0\\apache2\\htdocs\\institution_2022\\institution_api\\vendor\\laravel\\framework\\src\\Illuminate\\Database\\Eloquent\\Model.php(987): Illuminate\\Database\\Eloquent\\Model->performUpdate()
#9 E:\\Bitnami\\wampstack-8.1.1-0\\apache2\\htdocs\\institution_2022\\institution_api\\app\\Http\\Controllers\\StudentController.php(249): Illuminate\\Database\\Eloquent\\Model->save()
#10 E:\\Bitnami\\wampstack-8.1.1-0\\apache2\\htdocs\\institution_2022\\institution_api\\vendor\\laravel\\framework\\src\\Illuminate\\Routing\\Controller.php(54): App\\Http\\Controllers\\StudentController->update()
#11 E:\\Bitnami\\wampstack-8.1.1-0\\apache2\\htdocs\\institution_2022\\institution_api\\vendor\\laravel\\framework\\src\\Illuminate\\Routing\\ControllerDispatcher.php(45): Illuminate\\Routing\\Controller->callAction()
#12 E:\\Bitnami\\wampstack-8.1.1-0\\apache2\\htdocs\\institution_2022\\institution_api\\vendor\\laravel\\framework\\src\\Illuminate\\Routing\\Route.php(262): Illuminate\\Routing\\ControllerDispatcher->dispatch()
#13 E:\\Bitnami\\wampstack-8.1.1-0\\apache2\\htdocs\\institution_2022\\institution_api\\vendor\\laravel\\framework\\src\\Illuminate\\Routing\\Route.php(205): Illuminate\\Routing\\Route->runController()
#14 E:\\Bitnami\\wampstack-8.1.1-0\\apache2\\htdocs\\institution_2022\\institution_api\\vendor\\laravel\\framework\\src\\Illuminate\\Routing\\Router.php(695): Illuminate\\Routing\\Route->run()
#15 E:\\Bitnami\\wampstack-8.1.1-0\\apache2\\htdocs\\institution_2022\\institution_api\\vendor\\laravel\\framework\\src\\Illuminate\\Pipeline\\Pipeline.php(128): Illuminate\\Routing\\Router->Illuminate\\Routing\\{closure}()
#16 E:\\Bitnami\\wampstack-8.1.1-0\\apache2\\htdocs\\institution_2022\\institution_api\\vendor\\laravel\\framework\\src\\Illuminate\\Routing\\Middleware\\SubstituteBindings.php(50): Illuminate\\Pipeline\\Pipeline->Illuminate\\Pipeline\\{closure}()
#17 E:\\Bitnami\\wampstack-8.1.1-0\\apache2\\htdocs\\institution_2022\\institution_api\\vendor\\laravel\\framework\\src\\Illuminate\\Pipeline\\Pipeline.php(167): Illuminate\\Routing\\Middleware\\SubstituteBindings->handle()
#18 E:\\Bitnami\\wampstack-8.1.1-0\\apache2\\htdocs\\institution_2022\\institution_api\\vendor\\laravel\\framework\\src\\Illuminate\\Routing\\Middleware\\ThrottleRequests.php(127): Illuminate\\Pipeline\\Pipeline->Illuminate\\Pipeline\\{closure}()
#19 E:\\Bitnami\\wampstack-8.1.1-0\\apache2\\htdocs\\institution_2022\\institution_api\\vendor\\laravel\\framework\\src\\Illuminate\\Routing\\Middleware\\ThrottleRequests.php(103): Illuminate\\Routing\\Middleware\\ThrottleRequests->handleRequest()
#20 E:\\Bitnami\\wampstack-8.1.1-0\\apache2\\htdocs\\institution_2022\\institution_api\\vendor\\laravel\\framework\\src\\Illuminate\\Routing\\Middleware\\ThrottleRequests.php(55): Illuminate\\Routing\\Middleware\\ThrottleRequests->handleRequestUsingNamedLimiter()
#21 E:\\Bitnami\\wampstack-8.1.1-0\\apache2\\htdocs\\institution_2022\\institution_api\\vendor\\laravel\\framework\\src\\Illuminate\\Pipeline\\Pipeline.php(167): Illuminate\\Routing\\Middleware\\ThrottleRequests->handle()
#22 E:\\Bitnami\\wampstack-8.1.1-0\\apache2\\htdocs\\institution_2022\\institution_api\\vendor\\laravel\\framework\\src\\Illuminate\\Auth\\Middleware\\Authenticate.php(44): Illuminate\\Pipeline\\Pipeline->Illuminate\\Pipeline\\{closure}()
#23 E:\\Bitnami\\wampstack-8.1.1-0\\apache2\\htdocs\\institution_2022\\institution_api\\vendor\\laravel\\framework\\src\\Illuminate\\Pipeline\\Pipeline.php(167): Illuminate\\Auth\\Middleware\\Authenticate->handle()
#24 E:\\Bitnami\\wampstack-8.1.1-0\\apache2\\htdocs\\institution_2022\\institution_api\\vendor\\laravel\\sanctum\\src\\Http\\Middleware\\EnsureFrontendRequestsAreStateful.php(33): Illuminate\\Pipeline\\Pipeline->Illuminate\\Pipeline\\{closure}()
#25 E:\\Bitnami\\wampstack-8.1.1-0\\apache2\\htdocs\\institution_2022\\institution_api\\vendor\\laravel\\framework\\src\\Illuminate\\Pipeline\\Pipeline.php(128): Laravel\\Sanctum\\Http\\Middleware\\EnsureFrontendRequestsAreStateful->Laravel\\Sanctum\\Http\\Middleware\\{closure}()
#26 E:\\Bitnami\\wampstack-8.1.1-0\\apache2\\htdocs\\institution_2022\\institution_api\\vendor\\laravel\\framework\\src\\Illuminate\\Pipeline\\Pipeline.php(103): Illuminate\\Pipeline\\Pipeline->Illuminate\\Pipeline\\{closure}()
#27 E:\\Bitnami\\wampstack-8.1.1-0\\apache2\\htdocs\\institution_2022\\institution_api\\vendor\\laravel\\sanctum\\src\\Http\\Middleware\\EnsureFrontendRequestsAreStateful.php(34): Illuminate\\Pipeline\\Pipeline->then()
#28 E:\\Bitnami\\wampstack-8.1.1-0\\apache2\\htdocs\\institution_2022\\institution_api\\vendor\\laravel\\framework\\src\\Illuminate\\Pipeline\\Pipeline.php(167): Laravel\\Sanctum\\Http\\Middleware\\EnsureFrontendRequestsAreStateful->handle()
#29 E:\\Bitnami\\wampstack-8.1.1-0\\apache2\\htdocs\\institution_2022\\institution_api\\vendor\\laravel\\framework\\src\\Illuminate\\Pipeline\\Pipeline.php(103): Illuminate\\Pipeline\\Pipeline->Illuminate\\Pipeline\\{closure}()
#30 E:\\Bitnami\\wampstack-8.1.1-0\\apache2\\htdocs\\institution_2022\\institution_api\\vendor\\laravel\\framework\\src\\Illuminate\\Routing\\Router.php(697): Illuminate\\Pipeline\\Pipeline->then()
#31 E:\\Bitnami\\wampstack-8.1.1-0\\apache2\\htdocs\\institution_2022\\institution_api\\vendor\\laravel\\framework\\src\\Illuminate\\Routing\\Router.php(672): Illuminate\\Routing\\Router->runRouteWithinStack()
#32 E:\\Bitnami\\wampstack-8.1.1-0\\apache2\\htdocs\\institution_2022\\institution_api\\vendor\\laravel\\framework\\src\\Illuminate\\Routing\\Router.php(636): Illuminate\\Routing\\Router->runRoute()
#33 E:\\Bitnami\\wampstack-8.1.1-0\\apache2\\htdocs\\institution_2022\\institution_api\\vendor\\laravel\\framework\\src\\Illuminate\\Routing\\Router.php(625): Illuminate\\Routing\\Router->dispatchToRoute()
#34 E:\\Bitnami\\wampstack-8.1.1-0\\apache2\\htdocs\\institution_2022\\institution_api\\vendor\\laravel\\framework\\src\\Illuminate\\Foundation\\Http\\Kernel.php(167): Illuminate\\Routing\\Router->dispatch()
#35 E:\\Bitnami\\wampstack-8.1.1-0\\apache2\\htdocs\\institution_2022\\institution_api\\vendor\\laravel\\framework\\src\\Illuminate\\Pipeline\\Pipeline.php(128): Illuminate\\Foundation\\Http\\Kernel->Illuminate\\Foundation\\Http\\{closure}()
#36 E:\\Bitnami\\wampstack-8.1.1-0\\apache2\\htdocs\\institution_2022\\institution_api\\vendor\\laravel\\framework\\src\\Illuminate\\Foundation\\Http\\Middleware\\TransformsRequest.php(21): Illuminate\\Pipeline\\Pipeline->Illuminate\\Pipeline\\{closure}()
#37 E:\\Bitnami\\wampstack-8.1.1-0\\apache2\\htdocs\\institution_2022\\institution_api\\vendor\\laravel\\framework\\src\\Illuminate\\Foundation\\Http\\Middleware\\ConvertEmptyStringsToNull.php(31): Illuminate\\Foundation\\Http\\Middleware\\TransformsRequest->handle()
#38 E:\\Bitnami\\wampstack-8.1.1-0\\apache2\\htdocs\\institution_2022\\institution_api\\vendor\\laravel\\framework\\src\\Illuminate\\Pipeline\\Pipeline.php(167): Illuminate\\Foundation\\Http\\Middleware\\ConvertEmptyStringsToNull->handle()
#39 E:\\Bitnami\\wampstack-8.1.1-0\\apache2\\htdocs\\institution_2022\\institution_api\\vendor\\laravel\\framework\\src\\Illuminate\\Foundation\\Http\\Middleware\\TransformsRequest.php(21): Illuminate\\Pipeline\\Pipeline->Illuminate\\Pipeline\\{closure}()
#40 E:\\Bitnami\\wampstack-8.1.1-0\\apache2\\htdocs\\institution_2022\\institution_api\\vendor\\laravel\\framework\\src\\Illuminate\\Foundation\\Http\\Middleware\\TrimStrings.php(40): Illuminate\\Foundation\\Http\\Middleware\\TransformsRequest->handle()
#41 E:\\Bitnami\\wampstack-8.1.1-0\\apache2\\htdocs\\institution_2022\\institution_api\\vendor\\laravel\\framework\\src\\Illuminate\\Pipeline\\Pipeline.php(167): Illuminate\\Foundation\\Http\\Middleware\\TrimStrings->handle()
#42 E:\\Bitnami\\wampstack-8.1.1-0\\apache2\\htdocs\\institution_2022\\institution_api\\vendor\\laravel\\framework\\src\\Illuminate\\Foundation\\Http\\Middleware\\ValidatePostSize.php(27): Illuminate\\Pipeline\\Pipeline->Illuminate\\Pipeline\\{closure}()
#43 E:\\Bitnami\\wampstack-8.1.1-0\\apache2\\htdocs\\institution_2022\\institution_api\\vendor\\laravel\\framework\\src\\Illuminate\\Pipeline\\Pipeline.php(167): Illuminate\\Foundation\\Http\\Middleware\\ValidatePostSize->handle()
#44 E:\\Bitnami\\wampstack-8.1.1-0\\apache2\\htdocs\\institution_2022\\institution_api\\vendor\\laravel\\framework\\src\\Illuminate\\Foundation\\Http\\Middleware\\PreventRequestsDuringMaintenance.php(86): Illuminate\\Pipeline\\Pipeline->Illuminate\\Pipeline\\{closure}()
#45 E:\\Bitnami\\wampstack-8.1.1-0\\apache2\\htdocs\\institution_2022\\institution_api\\vendor\\laravel\\framework\\src\\Illuminate\\Pipeline\\Pipeline.php(167): Illuminate\\Foundation\\Http\\Middleware\\PreventRequestsDuringMaintenance->handle()
#46 E:\\Bitnami\\wampstack-8.1.1-0\\apache2\\htdocs\\institution_2022\\institution_api\\vendor\\fruitcake\\laravel-cors\\src\\HandleCors.php(52): Illuminate\\Pipeline\\Pipeline->Illuminate\\Pipeline\\{closure}()
#47 E:\\Bitnami\\wampstack-8.1.1-0\\apache2\\htdocs\\institution_2022\\institution_api\\vendor\\laravel\\framework\\src\\Illuminate\\Pipeline\\Pipeline.php(167): Fruitcake\\Cors\\HandleCors->handle()
#48 E:\\Bitnami\\wampstack-8.1.1-0\\apache2\\htdocs\\institution_2022\\institution_api\\vendor\\fruitcake\\laravel-cors\\src\\HandleCors.php(52): Illuminate\\Pipeline\\Pipeline->Illuminate\\Pipeline\\{closure}()
#49 E:\\Bitnami\\wampstack-8.1.1-0\\apache2\\htdocs\\institution_2022\\institution_api\\vendor\\laravel\\framework\\src\\Illuminate\\Pipeline\\Pipeline.php(167): Fruitcake\\Cors\\HandleCors->handle()
#50 E:\\Bitnami\\wampstack-8.1.1-0\\apache2\\htdocs\\institution_2022\\institution_api\\vendor\\fideloper\\proxy\\src\\TrustProxies.php(57): Illuminate\\Pipeline\\Pipeline->Illuminate\\Pipeline\\{closure}()
#51 E:\\Bitnami\\wampstack-8.1.1-0\\apache2\\htdocs\\institution_2022\\institution_api\\vendor\\laravel\\framework\\src\\Illuminate\\Pipeline\\Pipeline.php(167): Fideloper\\Proxy\\TrustProxies->handle()
#52 E:\\Bitnami\\wampstack-8.1.1-0\\apache2\\htdocs\\institution_2022\\institution_api\\vendor\\laravel\\framework\\src\\Illuminate\\Pipeline\\Pipeline.php(103): Illuminate\\Pipeline\\Pipeline->Illuminate\\Pipeline\\{closure}()
#53 E:\\Bitnami\\wampstack-8.1.1-0\\apache2\\htdocs\\institution_2022\\institution_api\\vendor\\laravel\\framework\\src\\Illuminate\\Foundation\\Http\\Kernel.php(142): Illuminate\\Pipeline\\Pipeline->then()
#54 E:\\Bitnami\\wampstack-8.1.1-0\\apache2\\htdocs\\institution_2022\\institution_api\\vendor\\laravel\\framework\\src\\Illuminate\\Foundation\\Http\\Kernel.php(111): Illuminate\\Foundation\\Http\\Kernel->sendRequestThroughRouter()
#55 E:\\Bitnami\\wampstack-8.1.1-0\\apache2\\htdocs\\institution_2022\\institution_api\\public\\index.php(52): Illuminate\\Foundation\\Http\\Kernel->handle()
#56 {main}
"} 
[2022-02-01 21:59:34] local.ERROR: SQLSTATE[23000]: Integrity constraint violation: 1048 Column 'episode_id' cannot be null (SQL: update `ledgers` set `episode_id` = ?, `ledger_name` = Ronit Dhar, `billing_name` = Ronit Dhar, `father_name` = ddd, `mother_name` = fgfgfdsf, `guardian_name` = ddd, `relation_to_guardian` = ?, `dob` = 2002-02-14, `address` = dfgdfsgg, `city` = dfgfdg, `district` = fff, `state_id` = 10, `pin` = 700132, `guardian_contact_number` = 9163196112, `whatsapp_number` = 7605887990, `email_id` = bait@gmail.com, `qualification` = V, `ledgers`.`updated_at` = 2022-02-01 21:59:34 where `id` = 11) {"userId":1,"exception":"[object] (Illuminate\\Database\\QueryException(code: 23000): SQLSTATE[23000]: Integrity constraint violation: 1048 Column 'episode_id' cannot be null (SQL: update `ledgers` set `episode_id` = ?, `ledger_name` = Ronit Dhar, `billing_name` = Ronit Dhar, `father_name` = ddd, `mother_name` = fgfgfdsf, `guardian_name` = ddd, `relation_to_guardian` = ?, `dob` = 2002-02-14, `address` = dfgdfsgg, `city` = dfgfdg, `district` = fff, `state_id` = 10, `pin` = 700132, `guardian_contact_number` = 9163196112, `whatsapp_number` = 7605887990, `email_id` = bait@gmail.com, `qualification` = V, `ledgers`.`updated_at` = 2022-02-01 21:59:34 where `id` = 11) at E:\\Bitnami\\wampstack-8.1.1-0\\apache2\\htdocs\\institution_2022\\institution_api\\vendor\\laravel\\framework\\src\\Illuminate\\Database\\Connection.php:705)
[stacktrace]
#0 E:\\Bitnami\\wampstack-8.1.1-0\\apache2\\htdocs\\institution_2022\\institution_api\\vendor\\laravel\\framework\\src\\Illuminate\\Database\\Connection.php(665): Illuminate\\Database\\Connection->runQueryCallback()
#1 E:\\Bitnami\\wampstack-8.1.1-0\\apache2\\htdocs\\institution_2022\\institution_api\\vendor\\laravel\\framework\\src\\Illuminate\\Database\\Connection.php(526): Illuminate\\Database\\Connection->run()
#2 E:\\Bitnami\\wampstack-8.1.1-0\\apache2\\htdocs\\institution_2022\\institution_api\\vendor\\laravel\\framework\\src\\Illuminate\\Database\\Connection.php(459): Illuminate\\Database\\Connection->affectingStatement()
#3 E:\\Bitnami\\wampstack-8.1.1-0\\apache2\\htdocs\\institution_2022\\institution_api\\vendor\\laravel\\framework\\src\\Illuminate\\Database\\Query\\Builder.php(3001): Illuminate\\Database\\Connection->update()
#4 E:\\Bitnami\\wampstack-8.1.1-0\\apache2\\htdocs\\institution_2022\\institution_api\\vendor\\laravel\\framework\\src\\Illuminate\\Database\\Eloquent\\Builder.php(919): Illuminate\\Database\\Query\\Builder->update()
#5 E:\\Bitnami\\wampstack-8.1.1-0\\apache2\\htdocs\\institution_2022\\institution_api\\vendor\\laravel\\framework\\src\\Illuminate\\Database\\Eloquent\\Model.php(1072): Illuminate\\Database\\Eloquent\\Builder->update()
#6 E:\\Bitnami\\wampstack-8.1.1-0\\apache2\\htdocs\\institution_2022\\institution_api\\vendor\\laravel\\framework\\src\\Illuminate\\Database\\Eloquent\\Model.php(987): Illuminate\\Database\\Eloquent\\Model->performUpdate()
#7 E:\\Bitnami\\wampstack-8.1.1-0\\apache2\\htdocs\\institution_2022\\institution_api\\app\\Http\\Controllers\\StudentController.php(249): Illuminate\\Database\\Eloquent\\Model->save()
#8 E:\\Bitnami\\wampstack-8.1.1-0\\apache2\\htdocs\\institution_2022\\institution_api\\vendor\\laravel\\framework\\src\\Illuminate\\Routing\\Controller.php(54): App\\Http\\Controllers\\StudentController->update()
#9 E:\\Bitnami\\wampstack-8.1.1-0\\apache2\\htdocs\\institution_2022\\institution_api\\vendor\\laravel\\framework\\src\\Illuminate\\Routing\\ControllerDispatcher.php(45): Illuminate\\Routing\\Controller->callAction()
#10 E:\\Bitnami\\wampstack-8.1.1-0\\apache2\\htdocs\\institution_2022\\institution_api\\vendor\\laravel\\framework\\src\\Illuminate\\Routing\\Route.php(262): Illuminate\\Routing\\ControllerDispatcher->dispatch()
#11 E:\\Bitnami\\wampstack-8.1.1-0\\apache2\\htdocs\\institution_2022\\institution_api\\vendor\\laravel\\framework\\src\\Illuminate\\Routing\\Route.php(205): Illuminate\\Routing\\Route->runController()
#12 E:\\Bitnami\\wampstack-8.1.1-0\\apache2\\htdocs\\institution_2022\\institution_api\\vendor\\laravel\\framework\\src\\Illuminate\\Routing\\Router.php(695): Illuminate\\Routing\\Route->run()
#13 E:\\Bitnami\\wampstack-8.1.1-0\\apache2\\htdocs\\institution_2022\\institution_api\\vendor\\laravel\\framework\\src\\Illuminate\\Pipeline\\Pipeline.php(128): Illuminate\\Routing\\Router->Illuminate\\Routing\\{closure}()
#14 E:\\Bitnami\\wampstack-8.1.1-0\\apache2\\htdocs\\institution_2022\\institution_api\\vendor\\laravel\\framework\\src\\Illuminate\\Routing\\Middleware\\SubstituteBindings.php(50): Illuminate\\Pipeline\\Pipeline->Illuminate\\Pipeline\\{closure}()
#15 E:\\Bitnami\\wampstack-8.1.1-0\\apache2\\htdocs\\institution_2022\\institution_api\\vendor\\laravel\\framework\\src\\Illuminate\\Pipeline\\Pipeline.php(167): Illuminate\\Routing\\Middleware\\SubstituteBindings->handle()
#16 E:\\Bitnami\\wampstack-8.1.1-0\\apache2\\htdocs\\institution_2022\\institution_api\\vendor\\laravel\\framework\\src\\Illuminate\\Routing\\Middleware\\ThrottleRequests.php(127): Illuminate\\Pipeline\\Pipeline->Illuminate\\Pipeline\\{closure}()
#17 E:\\Bitnami\\wampstack-8.1.1-0\\apache2\\htdocs\\institution_2022\\institution_api\\vendor\\laravel\\framework\\src\\Illuminate\\Routing\\Middleware\\ThrottleRequests.php(103): Illuminate\\Routing\\Middleware\\ThrottleRequests->handleRequest()
#18 E:\\Bitnami\\wampstack-8.1.1-0\\apache2\\htdocs\\institution_2022\\institution_api\\vendor\\laravel\\framework\\src\\Illuminate\\Routing\\Middleware\\ThrottleRequests.php(55): Illuminate\\Routing\\Middleware\\ThrottleRequests->handleRequestUsingNamedLimiter()
#19 E:\\Bitnami\\wampstack-8.1.1-0\\apache2\\htdocs\\institution_2022\\institution_api\\vendor\\laravel\\framework\\src\\Illuminate\\Pipeline\\Pipeline.php(167): Illuminate\\Routing\\Middleware\\ThrottleRequests->handle()
#20 E:\\Bitnami\\wampstack-8.1.1-0\\apache2\\htdocs\\institution_2022\\institution_api\\vendor\\laravel\\framework\\src\\Illuminate\\Auth\\Middleware\\Authenticate.php(44): Illuminate\\Pipeline\\Pipeline->Illuminate\\Pipeline\\{closure}()
#21 E:\\Bitnami\\wampstack-8.1.1-0\\apache2\\htdocs\\institution_2022\\institution_api\\vendor\\laravel\\framework\\src\\Illuminate\\Pipeline\\Pipeline.php(167): Illuminate\\Auth\\Middleware\\Authenticate->handle()
#22 E:\\Bitnami\\wampstack-8.1.1-0\\apache2\\htdocs\\institution_2022\\institution_api\\vendor\\laravel\\sanctum\\src\\Http\\Middleware\\EnsureFrontendRequestsAreStateful.php(33): Illuminate\\Pipeline\\Pipeline->Illuminate\\Pipeline\\{closure}()
#23 E:\\Bitnami\\wampstack-8.1.1-0\\apache2\\htdocs\\institution_2022\\institution_api\\vendor\\laravel\\framework\\src\\Illuminate\\Pipeline\\Pipeline.php(128): Laravel\\Sanctum\\Http\\Middleware\\EnsureFrontendRequestsAreStateful->Laravel\\Sanctum\\Http\\Middleware\\{closure}()
#24 E:\\Bitnami\\wampstack-8.1.1-0\\apache2\\htdocs\\institution_2022\\institution_api\\vendor\\laravel\\framework\\src\\Illuminate\\Pipeline\\Pipeline.php(103): Illuminate\\Pipeline\\Pipeline->Illuminate\\Pipeline\\{closure}()
#25 E:\\Bitnami\\wampstack-8.1.1-0\\apache2\\htdocs\\institution_2022\\institution_api\\vendor\\laravel\\sanctum\\src\\Http\\Middleware\\EnsureFrontendRequestsAreStateful.php(34): Illuminate\\Pipeline\\Pipeline->then()
#26 E:\\Bitnami\\wampstack-8.1.1-0\\apache2\\htdocs\\institution_2022\\institution_api\\vendor\\laravel\\framework\\src\\Illuminate\\Pipeline\\Pipeline.php(167): Laravel\\Sanctum\\Http\\Middleware\\EnsureFrontendRequestsAreStateful->handle()
#27 E:\\Bitnami\\wampstack-8.1.1-0\\apache2\\htdocs\\institution_2022\\institution_api\\vendor\\laravel\\framework\\src\\Illuminate\\Pipeline\\Pipeline.php(103): Illuminate\\Pipeline\\Pipeline->Illuminate\\Pipeline\\{closure}()
#28 E:\\Bitnami\\wampstack-8.1.1-0\\apache2\\htdocs\\institution_2022\\institution_api\\vendor\\laravel\\framework\\src\\Illuminate\\Routing\\Router.php(697): Illuminate\\Pipeline\\Pipeline->then()
#29 E:\\Bitnami\\wampstack-8.1.1-0\\apache2\\htdocs\\institution_2022\\institution_api\\vendor\\laravel\\framework\\src\\Illuminate\\Routing\\Router.php(672): Illuminate\\Routing\\Router->runRouteWithinStack()
#30 E:\\Bitnami\\wampstack-8.1.1-0\\apache2\\htdocs\\institution_2022\\institution_api\\vendor\\laravel\\framework\\src\\Illuminate\\Routing\\Router.php(636): Illuminate\\Routing\\Router->runRoute()
#31 E:\\Bitnami\\wampstack-8.1.1-0\\apache2\\htdocs\\institution_2022\\institution_api\\vendor\\laravel\\framework\\src\\Illuminate\\Routing\\Router.php(625): Illuminate\\Routing\\Router->dispatchToRoute()
#32 E:\\Bitnami\\wampstack-8.1.1-0\\apache2\\htdocs\\institution_2022\\institution_api\\vendor\\laravel\\framework\\src\\Illuminate\\Foundation\\Http\\Kernel.php(167): Illuminate\\Routing\\Router->dispatch()
#33 E:\\Bitnami\\wampstack-8.1.1-0\\apache2\\htdocs\\institution_2022\\institution_api\\vendor\\laravel\\framework\\src\\Illuminate\\Pipeline\\Pipeline.php(128): Illuminate\\Foundation\\Http\\Kernel->Illuminate\\Foundation\\Http\\{closure}()
#34 E:\\Bitnami\\wampstack-8.1.1-0\\apache2\\htdocs\\institution_2022\\institution_api\\vendor\\laravel\\framework\\src\\Illuminate\\Foundation\\Http\\Middleware\\TransformsRequest.php(21): Illuminate\\Pipeline\\Pipeline->Illuminate\\Pipeline\\{closure}()
#35 E:\\Bitnami\\wampstack-8.1.1-0\\apache2\\htdocs\\institution_2022\\institution_api\\vendor\\laravel\\framework\\src\\Illuminate\\Foundation\\Http\\Middleware\\ConvertEmptyStringsToNull.php(31): Illuminate\\Foundation\\Http\\Middleware\\TransformsRequest->handle()
#36 E:\\Bitnami\\wampstack-8.1.1-0\\apache2\\htdocs\\institution_2022\\institution_api\\vendor\\laravel\\framework\\src\\Illuminate\\Pipeline\\Pipeline.php(167): Illuminate\\Foundation\\Http\\Middleware\\ConvertEmptyStringsToNull->handle()
#37 E:\\Bitnami\\wampstack-8.1.1-0\\apache2\\htdocs\\institution_2022\\institution_api\\vendor\\laravel\\framework\\src\\Illuminate\\Foundation\\Http\\Middleware\\TransformsRequest.php(21): Illuminate\\Pipeline\\Pipeline->Illuminate\\Pipeline\\{closure}()
#38 E:\\Bitnami\\wampstack-8.1.1-0\\apache2\\htdocs\\institution_2022\\institution_api\\vendor\\laravel\\framework\\src\\Illuminate\\Foundation\\Http\\Middleware\\TrimStrings.php(40): Illuminate\\Foundation\\Http\\Middleware\\TransformsRequest->handle()
#39 E:\\Bitnami\\wampstack-8.1.1-0\\apache2\\htdocs\\institution_2022\\institution_api\\vendor\\laravel\\framework\\src\\Illuminate\\Pipeline\\Pipeline.php(167): Illuminate\\Foundation\\Http\\Middleware\\TrimStrings->handle()
#40 E:\\Bitnami\\wampstack-8.1.1-0\\apache2\\htdocs\\institution_2022\\institution_api\\vendor\\laravel\\framework\\src\\Illuminate\\Foundation\\Http\\Middleware\\ValidatePostSize.php(27): Illuminate\\Pipeline\\Pipeline->Illuminate\\Pipeline\\{closure}()
#41 E:\\Bitnami\\wampstack-8.1.1-0\\apache2\\htdocs\\institution_2022\\institution_api\\vendor\\laravel\\framework\\src\\Illuminate\\Pipeline\\Pipeline.php(167): Illuminate\\Foundation\\Http\\Middleware\\ValidatePostSize->handle()
#42 E:\\Bitnami\\wampstack-8.1.1-0\\apache2\\htdocs\\institution_2022\\institution_api\\vendor\\laravel\\framework\\src\\Illuminate\\Foundation\\Http\\Middleware\\PreventRequestsDuringMaintenance.php(86): Illuminate\\Pipeline\\Pipeline->Illuminate\\Pipeline\\{closure}()
#43 E:\\Bitnami\\wampstack-8.1.1-0\\apache2\\htdocs\\institution_2022\\institution_api\\vendor\\laravel\\framework\\src\\Illuminate\\Pipeline\\Pipeline.php(167): Illuminate\\Foundation\\Http\\Middleware\\PreventRequestsDuringMaintenance->handle()
#44 E:\\Bitnami\\wampstack-8.1.1-0\\apache2\\htdocs\\institution_2022\\institution_api\\vendor\\fruitcake\\laravel-cors\\src\\HandleCors.php(52): Illuminate\\Pipeline\\Pipeline->Illuminate\\Pipeline\\{closure}()
#45 E:\\Bitnami\\wampstack-8.1.1-0\\apache2\\htdocs\\institution_2022\\institution_api\\vendor\\laravel\\framework\\src\\Illuminate\\Pipeline\\Pipeline.php(167): Fruitcake\\Cors\\HandleCors->handle()
#46 E:\\Bitnami\\wampstack-8.1.1-0\\apache2\\htdocs\\institution_2022\\institution_api\\vendor\\fruitcake\\laravel-cors\\src\\HandleCors.php(52): Illuminate\\Pipeline\\Pipeline->Illuminate\\Pipeline\\{closure}()
#47 E:\\Bitnami\\wampstack-8.1.1-0\\apache2\\htdocs\\institution_2022\\institution_api\\vendor\\laravel\\framework\\src\\Illuminate\\Pipeline\\Pipeline.php(167): Fruitcake\\Cors\\HandleCors->handle()
#48 E:\\Bitnami\\wampstack-8.1.1-0\\apache2\\htdocs\\institution_2022\\institution_api\\vendor\\fideloper\\proxy\\src\\TrustProxies.php(57): Illuminate\\Pipeline\\Pipeline->Illuminate\\Pipeline\\{closure}()
#49 E:\\Bitnami\\wampstack-8.1.1-0\\apache2\\htdocs\\institution_2022\\institution_api\\vendor\\laravel\\framework\\src\\Illuminate\\Pipeline\\Pipeline.php(167): Fideloper\\Proxy\\TrustProxies->handle()
#50 E:\\Bitnami\\wampstack-8.1.1-0\\apache2\\htdocs\\institution_2022\\institution_api\\vendor\\laravel\\framework\\src\\Illuminate\\Pipeline\\Pipeline.php(103): Illuminate\\Pipeline\\Pipeline->Illuminate\\Pipeline\\{closure}()
#51 E:\\Bitnami\\wampstack-8.1.1-0\\apache2\\htdocs\\institution_2022\\institution_api\\vendor\\laravel\\framework\\src\\Illuminate\\Foundation\\Http\\Kernel.php(142): Illuminate\\Pipeline\\Pipeline->then()
#52 E:\\Bitnami\\wampstack-8.1.1-0\\apache2\\htdocs\\institution_2022\\institution_api\\vendor\\laravel\\framework\\src\\Illuminate\\Foundation\\Http\\Kernel.php(111): Illuminate\\Foundation\\Http\\Kernel->sendRequestThroughRouter()
#53 E:\\Bitnami\\wampstack-8.1.1-0\\apache2\\htdocs\\institution_2022\\institution_api\\public\\index.php(52): Illuminate\\Foundation\\Http\\Kernel->handle()
#54 {main}

[previous exception] [object] (PDOException(code: 23000): SQLSTATE[23000]: Integrity constraint violation: 1048 Column 'episode_id' cannot be null at E:\\Bitnami\\wampstack-8.1.1-0\\apache2\\htdocs\\institution_2022\\institution_api\\vendor\\laravel\\framework\\src\\Illuminate\\Database\\Connection.php:519)
[stacktrace]
#0 E:\\Bitnami\\wampstack-8.1.1-0\\apache2\\htdocs\\institution_2022\\institution_api\\vendor\\laravel\\framework\\src\\Illuminate\\Database\\Connection.php(519): PDOStatement->execute()
#1 E:\\Bitnami\\wampstack-8.1.1-0\\apache2\\htdocs\\institution_2022\\institution_api\\vendor\\laravel\\framework\\src\\Illuminate\\Database\\Connection.php(698): Illuminate\\Database\\Connection->Illuminate\\Database\\{closure}()
#2 E:\\Bitnami\\wampstack-8.1.1-0\\apache2\\htdocs\\institution_2022\\institution_api\\vendor\\laravel\\framework\\src\\Illuminate\\Database\\Connection.php(665): Illuminate\\Database\\Connection->runQueryCallback()
#3 E:\\Bitnami\\wampstack-8.1.1-0\\apache2\\htdocs\\institution_2022\\institution_api\\vendor\\laravel\\framework\\src\\Illuminate\\Database\\Connection.php(526): Illuminate\\Database\\Connection->run()
#4 E:\\Bitnami\\wampstack-8.1.1-0\\apache2\\htdocs\\institution_2022\\institution_api\\vendor\\laravel\\framework\\src\\Illuminate\\Database\\Connection.php(459): Illuminate\\Database\\Connection->affectingStatement()
#5 E:\\Bitnami\\wampstack-8.1.1-0\\apache2\\htdocs\\institution_2022\\institution_api\\vendor\\laravel\\framework\\src\\Illuminate\\Database\\Query\\Builder.php(3001): Illuminate\\Database\\Connection->update()
#6 E:\\Bitnami\\wampstack-8.1.1-0\\apache2\\htdocs\\institution_2022\\institution_api\\vendor\\laravel\\framework\\src\\Illuminate\\Database\\Eloquent\\Builder.php(919): Illuminate\\Database\\Query\\Builder->update()
#7 E:\\Bitnami\\wampstack-8.1.1-0\\apache2\\htdocs\\institution_2022\\institution_api\\vendor\\laravel\\framework\\src\\Illuminate\\Database\\Eloquent\\Model.php(1072): Illuminate\\Database\\Eloquent\\Builder->update()
#8 E:\\Bitnami\\wampstack-8.1.1-0\\apache2\\htdocs\\institution_2022\\institution_api\\vendor\\laravel\\framework\\src\\Illuminate\\Database\\Eloquent\\Model.php(987): Illuminate\\Database\\Eloquent\\Model->performUpdate()
#9 E:\\Bitnami\\wampstack-8.1.1-0\\apache2\\htdocs\\institution_2022\\institution_api\\app\\Http\\Controllers\\StudentController.php(249): Illuminate\\Database\\Eloquent\\Model->save()
#10 E:\\Bitnami\\wampstack-8.1.1-0\\apache2\\htdocs\\institution_2022\\institution_api\\vendor\\laravel\\framework\\src\\Illuminate\\Routing\\Controller.php(54): App\\Http\\Controllers\\StudentController->update()
#11 E:\\Bitnami\\wampstack-8.1.1-0\\apache2\\htdocs\\institution_2022\\institution_api\\vendor\\laravel\\framework\\src\\Illuminate\\Routing\\ControllerDispatcher.php(45): Illuminate\\Routing\\Controller->callAction()
#12 E:\\Bitnami\\wampstack-8.1.1-0\\apache2\\htdocs\\institution_2022\\institution_api\\vendor\\laravel\\framework\\src\\Illuminate\\Routing\\Route.php(262): Illuminate\\Routing\\ControllerDispatcher->dispatch()
#13 E:\\Bitnami\\wampstack-8.1.1-0\\apache2\\htdocs\\institution_2022\\institution_api\\vendor\\laravel\\framework\\src\\Illuminate\\Routing\\Route.php(205): Illuminate\\Routing\\Route->runController()
#14 E:\\Bitnami\\wampstack-8.1.1-0\\apache2\\htdocs\\institution_2022\\institution_api\\vendor\\laravel\\framework\\src\\Illuminate\\Routing\\Router.php(695): Illuminate\\Routing\\Route->run()
#15 E:\\Bitnami\\wampstack-8.1.1-0\\apache2\\htdocs\\institution_2022\\institution_api\\vendor\\laravel\\framework\\src\\Illuminate\\Pipeline\\Pipeline.php(128): Illuminate\\Routing\\Router->Illuminate\\Routing\\{closure}()
#16 E:\\Bitnami\\wampstack-8.1.1-0\\apache2\\htdocs\\institution_2022\\institution_api\\vendor\\laravel\\framework\\src\\Illuminate\\Routing\\Middleware\\SubstituteBindings.php(50): Illuminate\\Pipeline\\Pipeline->Illuminate\\Pipeline\\{closure}()
#17 E:\\Bitnami\\wampstack-8.1.1-0\\apache2\\htdocs\\institution_2022\\institution_api\\vendor\\laravel\\framework\\src\\Illuminate\\Pipeline\\Pipeline.php(167): Illuminate\\Routing\\Middleware\\SubstituteBindings->handle()
#18 E:\\Bitnami\\wampstack-8.1.1-0\\apache2\\htdocs\\institution_2022\\institution_api\\vendor\\laravel\\framework\\src\\Illuminate\\Routing\\Middleware\\ThrottleRequests.php(127): Illuminate\\Pipeline\\Pipeline->Illuminate\\Pipeline\\{closure}()
#19 E:\\Bitnami\\wampstack-8.1.1-0\\apache2\\htdocs\\institution_2022\\institution_api\\vendor\\laravel\\framework\\src\\Illuminate\\Routing\\Middleware\\ThrottleRequests.php(103): Illuminate\\Routing\\Middleware\\ThrottleRequests->handleRequest()
#20 E:\\Bitnami\\wampstack-8.1.1-0\\apache2\\htdocs\\institution_2022\\institution_api\\vendor\\laravel\\framework\\src\\Illuminate\\Routing\\Middleware\\ThrottleRequests.php(55): Illuminate\\Routing\\Middleware\\ThrottleRequests->handleRequestUsingNamedLimiter()
#21 E:\\Bitnami\\wampstack-8.1.1-0\\apache2\\htdocs\\institution_2022\\institution_api\\vendor\\laravel\\framework\\src\\Illuminate\\Pipeline\\Pipeline.php(167): Illuminate\\Routing\\Middleware\\ThrottleRequests->handle()
#22 E:\\Bitnami\\wampstack-8.1.1-0\\apache2\\htdocs\\institution_2022\\institution_api\\vendor\\laravel\\framework\\src\\Illuminate\\Auth\\Middleware\\Authenticate.php(44): Illuminate\\Pipeline\\Pipeline->Illuminate\\Pipeline\\{closure}()
#23 E:\\Bitnami\\wampstack-8.1.1-0\\apache2\\htdocs\\institution_2022\\institution_api\\vendor\\laravel\\framework\\src\\Illuminate\\Pipeline\\Pipeline.php(167): Illuminate\\Auth\\Middleware\\Authenticate->handle()
#24 E:\\Bitnami\\wampstack-8.1.1-0\\apache2\\htdocs\\institution_2022\\institution_api\\vendor\\laravel\\sanctum\\src\\Http\\Middleware\\EnsureFrontendRequestsAreStateful.php(33): Illuminate\\Pipeline\\Pipeline->Illuminate\\Pipeline\\{closure}()
#25 E:\\Bitnami\\wampstack-8.1.1-0\\apache2\\htdocs\\institution_2022\\institution_api\\vendor\\laravel\\framework\\src\\Illuminate\\Pipeline\\Pipeline.php(128): Laravel\\Sanctum\\Http\\Middleware\\EnsureFrontendRequestsAreStateful->Laravel\\Sanctum\\Http\\Middleware\\{closure}()
#26 E:\\Bitnami\\wampstack-8.1.1-0\\apache2\\htdocs\\institution_2022\\institution_api\\vendor\\laravel\\framework\\src\\Illuminate\\Pipeline\\Pipeline.php(103): Illuminate\\Pipeline\\Pipeline->Illuminate\\Pipeline\\{closure}()
#27 E:\\Bitnami\\wampstack-8.1.1-0\\apache2\\htdocs\\institution_2022\\institution_api\\vendor\\laravel\\sanctum\\src\\Http\\Middleware\\EnsureFrontendRequestsAreStateful.php(34): Illuminate\\Pipeline\\Pipeline->then()
#28 E:\\Bitnami\\wampstack-8.1.1-0\\apache2\\htdocs\\institution_2022\\institution_api\\vendor\\laravel\\framework\\src\\Illuminate\\Pipeline\\Pipeline.php(167): Laravel\\Sanctum\\Http\\Middleware\\EnsureFrontendRequestsAreStateful->handle()
#29 E:\\Bitnami\\wampstack-8.1.1-0\\apache2\\htdocs\\institution_2022\\institution_api\\vendor\\laravel\\framework\\src\\Illuminate\\Pipeline\\Pipeline.php(103): Illuminate\\Pipeline\\Pipeline->Illuminate\\Pipeline\\{closure}()
#30 E:\\Bitnami\\wampstack-8.1.1-0\\apache2\\htdocs\\institution_2022\\institution_api\\vendor\\laravel\\framework\\src\\Illuminate\\Routing\\Router.php(697): Illuminate\\Pipeline\\Pipeline->then()
#31 E:\\Bitnami\\wampstack-8.1.1-0\\apache2\\htdocs\\institution_2022\\institution_api\\vendor\\laravel\\framework\\src\\Illuminate\\Routing\\Router.php(672): Illuminate\\Routing\\Router->runRouteWithinStack()
#32 E:\\Bitnami\\wampstack-8.1.1-0\\apache2\\htdocs\\institution_2022\\institution_api\\vendor\\laravel\\framework\\src\\Illuminate\\Routing\\Router.php(636): Illuminate\\Routing\\Router->runRoute()
#33 E:\\Bitnami\\wampstack-8.1.1-0\\apache2\\htdocs\\institution_2022\\institution_api\\vendor\\laravel\\framework\\src\\Illuminate\\Routing\\Router.php(625): Illuminate\\Routing\\Router->dispatchToRoute()
#34 E:\\Bitnami\\wampstack-8.1.1-0\\apache2\\htdocs\\institution_2022\\institution_api\\vendor\\laravel\\framework\\src\\Illuminate\\Foundation\\Http\\Kernel.php(167): Illuminate\\Routing\\Router->dispatch()
#35 E:\\Bitnami\\wampstack-8.1.1-0\\apache2\\htdocs\\institution_2022\\institution_api\\vendor\\laravel\\framework\\src\\Illuminate\\Pipeline\\Pipeline.php(128): Illuminate\\Foundation\\Http\\Kernel->Illuminate\\Foundation\\Http\\{closure}()
#36 E:\\Bitnami\\wampstack-8.1.1-0\\apache2\\htdocs\\institution_2022\\institution_api\\vendor\\laravel\\framework\\src\\Illuminate\\Foundation\\Http\\Middleware\\TransformsRequest.php(21): Illuminate\\Pipeline\\Pipeline->Illuminate\\Pipeline\\{closure}()
#37 E:\\Bitnami\\wampstack-8.1.1-0\\apache2\\htdocs\\institution_2022\\institution_api\\vendor\\laravel\\framework\\src\\Illuminate\\Foundation\\Http\\Middleware\\ConvertEmptyStringsToNull.php(31): Illuminate\\Foundation\\Http\\Middleware\\TransformsRequest->handle()
#38 E:\\Bitnami\\wampstack-8.1.1-0\\apache2\\htdocs\\institution_2022\\institution_api\\vendor\\laravel\\framework\\src\\Illuminate\\Pipeline\\Pipeline.php(167): Illuminate\\Foundation\\Http\\Middleware\\ConvertEmptyStringsToNull->handle()
#39 E:\\Bitnami\\wampstack-8.1.1-0\\apache2\\htdocs\\institution_2022\\institution_api\\vendor\\laravel\\framework\\src\\Illuminate\\Foundation\\Http\\Middleware\\TransformsRequest.php(21): Illuminate\\Pipeline\\Pipeline->Illuminate\\Pipeline\\{closure}()
#40 E:\\Bitnami\\wampstack-8.1.1-0\\apache2\\htdocs\\institution_2022\\institution_api\\vendor\\laravel\\framework\\src\\Illuminate\\Foundation\\Http\\Middleware\\TrimStrings.php(40): Illuminate\\Foundation\\Http\\Middleware\\TransformsRequest->handle()
#41 E:\\Bitnami\\wampstack-8.1.1-0\\apache2\\htdocs\\institution_2022\\institution_api\\vendor\\laravel\\framework\\src\\Illuminate\\Pipeline\\Pipeline.php(167): Illuminate\\Foundation\\Http\\Middleware\\TrimStrings->handle()
#42 E:\\Bitnami\\wampstack-8.1.1-0\\apache2\\htdocs\\institution_2022\\institution_api\\vendor\\laravel\\framework\\src\\Illuminate\\Foundation\\Http\\Middleware\\ValidatePostSize.php(27): Illuminate\\Pipeline\\Pipeline->Illuminate\\Pipeline\\{closure}()
#43 E:\\Bitnami\\wampstack-8.1.1-0\\apache2\\htdocs\\institution_2022\\institution_api\\vendor\\laravel\\framework\\src\\Illuminate\\Pipeline\\Pipeline.php(167): Illuminate\\Foundation\\Http\\Middleware\\ValidatePostSize->handle()
#44 E:\\Bitnami\\wampstack-8.1.1-0\\apache2\\htdocs\\institution_2022\\institution_api\\vendor\\laravel\\framework\\src\\Illuminate\\Foundation\\Http\\Middleware\\PreventRequestsDuringMaintenance.php(86): Illuminate\\Pipeline\\Pipeline->Illuminate\\Pipeline\\{closure}()
#45 E:\\Bitnami\\wampstack-8.1.1-0\\apache2\\htdocs\\institution_2022\\institution_api\\vendor\\laravel\\framework\\src\\Illuminate\\Pipeline\\Pipeline.php(167): Illuminate\\Foundation\\Http\\Middleware\\PreventRequestsDuringMaintenance->handle()
#46 E:\\Bitnami\\wampstack-8.1.1-0\\apache2\\htdocs\\institution_2022\\institution_api\\vendor\\fruitcake\\laravel-cors\\src\\HandleCors.php(52): Illuminate\\Pipeline\\Pipeline->Illuminate\\Pipeline\\{closure}()
#47 E:\\Bitnami\\wampstack-8.1.1-0\\apache2\\htdocs\\institution_2022\\institution_api\\vendor\\laravel\\framework\\src\\Illuminate\\Pipeline\\Pipeline.php(167): Fruitcake\\Cors\\HandleCors->handle()
#48 E:\\Bitnami\\wampstack-8.1.1-0\\apache2\\htdocs\\institution_2022\\institution_api\\vendor\\fruitcake\\laravel-cors\\src\\HandleCors.php(52): Illuminate\\Pipeline\\Pipeline->Illuminate\\Pipeline\\{closure}()
#49 E:\\Bitnami\\wampstack-8.1.1-0\\apache2\\htdocs\\institution_2022\\institution_api\\vendor\\laravel\\framework\\src\\Illuminate\\Pipeline\\Pipeline.php(167): Fruitcake\\Cors\\HandleCors->handle()
#50 E:\\Bitnami\\wampstack-8.1.1-0\\apache2\\htdocs\\institution_2022\\institution_api\\vendor\\fideloper\\proxy\\src\\TrustProxies.php(57): Illuminate\\Pipeline\\Pipeline->Illuminate\\Pipeline\\{closure}()
#51 E:\\Bitnami\\wampstack-8.1.1-0\\apache2\\htdocs\\institution_2022\\institution_api\\vendor\\laravel\\framework\\src\\Illuminate\\Pipeline\\Pipeline.php(167): Fideloper\\Proxy\\TrustProxies->handle()
#52 E:\\Bitnami\\wampstack-8.1.1-0\\apache2\\htdocs\\institution_2022\\institution_api\\vendor\\laravel\\framework\\src\\Illuminate\\Pipeline\\Pipeline.php(103): Illuminate\\Pipeline\\Pipeline->Illuminate\\Pipeline\\{closure}()
#53 E:\\Bitnami\\wampstack-8.1.1-0\\apache2\\htdocs\\institution_2022\\institution_api\\vendor\\laravel\\framework\\src\\Illuminate\\Foundation\\Http\\Kernel.php(142): Illuminate\\Pipeline\\Pipeline->then()
#54 E:\\Bitnami\\wampstack-8.1.1-0\\apache2\\htdocs\\institution_2022\\institution_api\\vendor\\laravel\\framework\\src\\Illuminate\\Foundation\\Http\\Kernel.php(111): Illuminate\\Foundation\\Http\\Kernel->sendRequestThroughRouter()
#55 E:\\Bitnami\\wampstack-8.1.1-0\\apache2\\htdocs\\institution_2022\\institution_api\\public\\index.php(52): Illuminate\\Foundation\\Http\\Kernel->handle()
#56 {main}
"} 
